2021-12-24 12:39:17.264  INFO [item-service,,] 24136 --- [main] c.c.training.ItemServiceApplication      : Starting ItemServiceApplication using Java 16.0.2 on LAP-TZD-0X92142 with PID 24136 (C:\Users\Anubhav.Singh\Desktop\Training\MicroService\item-service\target\classes started by Anubhav.Singh in C:\Users\Anubhav.Singh\Desktop\Training\MicroService\item-service)
2021-12-24 12:39:17.266  INFO [item-service,,] 24136 --- [main] c.c.training.ItemServiceApplication      : No active profile set, falling back to default profiles: default
2021-12-24 12:39:18.045  INFO [item-service,,] 24136 --- [main] .s.d.r.c.RepositoryConfigurationDelegate : Bootstrapping Spring Data JPA repositories in DEFAULT mode.
2021-12-24 12:39:18.269  INFO [item-service,,] 24136 --- [main] .s.d.r.c.RepositoryConfigurationDelegate : Finished Spring Data repository scanning in 173 ms. Found 1 JPA repository interfaces.
2021-12-24 12:39:18.770  INFO [item-service,,] 24136 --- [main] o.s.cloud.context.scope.GenericScope     : BeanFactory id=0d3adf3a-0d60-3f90-905b-28626e520005
2021-12-24 12:39:19.771  WARN [item-service,,] 24136 --- [main] o.s.c.s.a.z.ZipkinAutoConfiguration      : Check result of the [RestTemplateSender{http://localhost:9411/api/v2/spans}] contains an error [CheckResult{ok=false, error=org.springframework.web.client.HttpClientErrorException$BadRequest: 400 Bad Request: "Empty JSON_V2 message"}]
2021-12-24 12:39:20.111  INFO [item-service,,] 24136 --- [main] o.s.b.w.embedded.tomcat.TomcatWebServer  : Tomcat initialized with port(s): 8762 (http)
2021-12-24 12:39:20.122  INFO [item-service,,] 24136 --- [main] o.apache.catalina.core.StandardService   : Starting service [Tomcat]
2021-12-24 12:39:20.122  INFO [item-service,,] 24136 --- [main] org.apache.catalina.core.StandardEngine  : Starting Servlet engine: [Apache Tomcat/9.0.55]
2021-12-24 12:39:20.364  INFO [item-service,,] 24136 --- [main] o.a.c.c.C.[Tomcat].[localhost].[/]       : Initializing Spring embedded WebApplicationContext
2021-12-24 12:39:20.365  INFO [item-service,,] 24136 --- [main] w.s.c.ServletWebServerApplicationContext : Root WebApplicationContext: initialization completed in 3052 ms
2021-12-24 12:39:20.426  INFO [item-service,,] 24136 --- [main] com.zaxxer.hikari.HikariDataSource       : HikariPool-1 - Starting...
2021-12-24 12:39:20.714  INFO [item-service,,] 24136 --- [main] com.zaxxer.hikari.HikariDataSource       : HikariPool-1 - Start completed.
2021-12-24 12:39:20.732  INFO [item-service,,] 24136 --- [main] o.s.b.a.h2.H2ConsoleAutoConfiguration    : H2 console available at '/h2'. Database available at 'jdbc:h2:mem:items'
2021-12-24 12:39:20.955  INFO [item-service,,] 24136 --- [main] o.hibernate.jpa.internal.util.LogHelper  : HHH000204: Processing PersistenceUnitInfo [name: default]
2021-12-24 12:39:21.013  INFO [item-service,,] 24136 --- [main] org.hibernate.Version                    : HHH000412: Hibernate ORM core version 5.6.1.Final
2021-12-24 12:39:21.197  INFO [item-service,,] 24136 --- [main] o.hibernate.annotations.common.Version   : HCANN000001: Hibernate Commons Annotations {5.1.2.Final}
2021-12-24 12:39:21.320  INFO [item-service,,] 24136 --- [main] org.hibernate.dialect.Dialect            : HHH000400: Using dialect: org.hibernate.dialect.H2Dialect
2021-12-24 12:39:21.974  INFO [item-service,,] 24136 --- [main] o.h.e.t.j.p.i.JtaPlatformInitiator       : HHH000490: Using JtaPlatform implementation: [org.hibernate.engine.transaction.jta.platform.internal.NoJtaPlatform]
2021-12-24 12:39:21.987  INFO [item-service,,] 24136 --- [main] j.LocalContainerEntityManagerFactoryBean : Initialized JPA EntityManagerFactory for persistence unit 'default'
2021-12-24 12:39:22.557  WARN [item-service,,] 24136 --- [main] JpaBaseConfiguration$JpaWebConfiguration : spring.jpa.open-in-view is enabled by default. Therefore, database queries may be performed during view rendering. Explicitly configure spring.jpa.open-in-view to disable this warning
2021-12-24 12:39:23.436  INFO [item-service,,] 24136 --- [main] DiscoveryClientOptionalArgsConfiguration : Eureka HTTP Client uses RestTemplate.
2021-12-24 12:39:23.911  WARN [item-service,,] 24136 --- [main] iguration$LoadBalancerCaffeineWarnLogger : Spring Cloud LoadBalancer is currently working with the default cache. You can switch to using Caffeine cache, by adding it and org.springframework.cache.caffeine.CaffeineCacheManager to the classpath.
2021-12-24 12:39:24.038  INFO [item-service,,] 24136 --- [main] o.s.c.n.eureka.InstanceInfoFactory       : Setting initial instance status as: STARTING
2021-12-24 12:39:24.099  INFO [item-service,,] 24136 --- [main] com.netflix.discovery.DiscoveryClient    : Initializing Eureka in region us-east-1
2021-12-24 12:39:24.109  INFO [item-service,,] 24136 --- [main] c.n.d.s.r.aws.ConfigClusterResolver      : Resolving eureka endpoints via configuration
2021-12-24 12:39:24.145  INFO [item-service,,] 24136 --- [main] com.netflix.discovery.DiscoveryClient    : Disable delta property : false
2021-12-24 12:39:24.145  INFO [item-service,,] 24136 --- [main] com.netflix.discovery.DiscoveryClient    : Single vip registry refresh property : null
2021-12-24 12:39:24.146  INFO [item-service,,] 24136 --- [main] com.netflix.discovery.DiscoveryClient    : Force full registry fetch : false
2021-12-24 12:39:24.146  INFO [item-service,,] 24136 --- [main] com.netflix.discovery.DiscoveryClient    : Application is null : false
2021-12-24 12:39:24.146  INFO [item-service,,] 24136 --- [main] com.netflix.discovery.DiscoveryClient    : Registered Applications size is zero : true
2021-12-24 12:39:24.146  INFO [item-service,,] 24136 --- [main] com.netflix.discovery.DiscoveryClient    : Application version is -1: true
2021-12-24 12:39:24.146  INFO [item-service,,] 24136 --- [main] com.netflix.discovery.DiscoveryClient    : Getting all instance registry info from the eureka server
2021-12-24 12:39:24.530  INFO [item-service,,] 24136 --- [main] com.netflix.discovery.DiscoveryClient    : The response status is 200
2021-12-24 12:39:24.535  INFO [item-service,,] 24136 --- [main] com.netflix.discovery.DiscoveryClient    : Starting heartbeat executor: renew interval is: 30
2021-12-24 12:39:24.541  INFO [item-service,,] 24136 --- [main] c.n.discovery.InstanceInfoReplicator     : InstanceInfoReplicator onDemand update allowed rate per min is 4
2021-12-24 12:39:24.554  INFO [item-service,,] 24136 --- [main] com.netflix.discovery.DiscoveryClient    : Discovery Client initialized at timestamp 1640329764553 with initial instances count: 0
2021-12-24 12:39:24.562  INFO [item-service,,] 24136 --- [main] o.s.c.n.e.s.EurekaServiceRegistry        : Registering application ITEM-SERVICE with eureka with status UP
2021-12-24 12:39:24.563  INFO [item-service,,] 24136 --- [main] com.netflix.discovery.DiscoveryClient    : Saw local status change event StatusChangeEvent [timestamp=1640329764563, current=UP, previous=STARTING]
2021-12-24 12:39:24.564  INFO [item-service,,] 24136 --- [DiscoveryClient-InstanceInfoReplicator-0] com.netflix.discovery.DiscoveryClient    : DiscoveryClient_ITEM-SERVICE/LAP-TZD-0X92142.IN.COFORGETECH.COM:item-service:8762: registering service...
2021-12-24 12:39:24.601  INFO [item-service,,] 24136 --- [main] o.s.b.w.embedded.tomcat.TomcatWebServer  : Tomcat started on port(s): 8762 (http) with context path ''
2021-12-24 12:39:24.602  INFO [item-service,,] 24136 --- [main] .s.c.n.e.s.EurekaAutoServiceRegistration : Updating port to 8762
2021-12-24 12:39:24.609  INFO [item-service,,] 24136 --- [DiscoveryClient-InstanceInfoReplicator-0] com.netflix.discovery.DiscoveryClient    : DiscoveryClient_ITEM-SERVICE/LAP-TZD-0X92142.IN.COFORGETECH.COM:item-service:8762 - registration status: 204
2021-12-24 12:39:24.693  INFO [item-service,,] 24136 --- [main] c.c.training.ItemServiceApplication      : Started ItemServiceApplication in 7.954 seconds (JVM running for 8.925)
2021-12-24 12:39:54.552  INFO [item-service,,] 24136 --- [DiscoveryClient-CacheRefreshExecutor-0] com.netflix.discovery.DiscoveryClient    : Disable delta property : false
2021-12-24 12:39:54.553  INFO [item-service,,] 24136 --- [DiscoveryClient-CacheRefreshExecutor-0] com.netflix.discovery.DiscoveryClient    : Single vip registry refresh property : null
2021-12-24 12:39:54.554  INFO [item-service,,] 24136 --- [DiscoveryClient-CacheRefreshExecutor-0] com.netflix.discovery.DiscoveryClient    : Force full registry fetch : false
2021-12-24 12:39:54.554  INFO [item-service,,] 24136 --- [DiscoveryClient-CacheRefreshExecutor-0] com.netflix.discovery.DiscoveryClient    : Application is null : false
2021-12-24 12:39:54.554  INFO [item-service,,] 24136 --- [DiscoveryClient-CacheRefreshExecutor-0] com.netflix.discovery.DiscoveryClient    : Registered Applications size is zero : true
2021-12-24 12:39:54.554  INFO [item-service,,] 24136 --- [DiscoveryClient-CacheRefreshExecutor-0] com.netflix.discovery.DiscoveryClient    : Application version is -1: false
2021-12-24 12:39:54.554  INFO [item-service,,] 24136 --- [DiscoveryClient-CacheRefreshExecutor-0] com.netflix.discovery.DiscoveryClient    : Getting all instance registry info from the eureka server
2021-12-24 12:39:54.568  INFO [item-service,,] 24136 --- [DiscoveryClient-CacheRefreshExecutor-0] com.netflix.discovery.DiscoveryClient    : The response status is 200
2021-12-24 12:40:56.958  INFO [item-service,4c5d5f73d9c2555d,d6cfd3b10cf33e43] 24136 --- [http-nio-8762-exec-3] o.a.c.c.C.[Tomcat].[localhost].[/]       : Initializing Spring DispatcherServlet 'dispatcherServlet'
2021-12-24 12:40:56.959  INFO [item-service,4c5d5f73d9c2555d,d6cfd3b10cf33e43] 24136 --- [http-nio-8762-exec-3] o.s.web.servlet.DispatcherServlet        : Initializing Servlet 'dispatcherServlet'
2021-12-24 12:40:56.960  INFO [item-service,4c5d5f73d9c2555d,d6cfd3b10cf33e43] 24136 --- [http-nio-8762-exec-3] o.s.web.servlet.DispatcherServlet        : Completed initialization in 1 ms
2021-12-24 12:40:56.982  INFO [item-service,4c5d5f73d9c2555d,d6cfd3b10cf33e43] 24136 --- [http-nio-8762-exec-3] c.c.t.controller.ItemRestController      : Inside Item Microservice
2021-12-24 12:40:56.994  INFO [item-service,4c5d5f73d9c2555d,d6cfd3b10cf33e43] 24136 --- [http-nio-8762-exec-3] c.c.training.service.ItemServiceImpl     : Inside Item microservice - Service Implementation
2021-12-24 12:44:24.151  INFO [item-service,,] 24136 --- [AsyncResolver-bootstrap-executor-0] c.n.d.s.r.aws.ConfigClusterResolver      : Resolving eureka endpoints via configuration
2021-12-24 12:49:24.159  INFO [item-service,,] 24136 --- [AsyncResolver-bootstrap-executor-0] c.n.d.s.r.aws.ConfigClusterResolver      : Resolving eureka endpoints via configuration
2021-12-24 12:54:24.164  INFO [item-service,,] 24136 --- [AsyncResolver-bootstrap-executor-0] c.n.d.s.r.aws.ConfigClusterResolver      : Resolving eureka endpoints via configuration
2021-12-24 12:56:40.766  INFO [item-service,4777fb26591e61ea,78c62d52f4669c1a] 24136 --- [http-nio-8762-exec-6] c.c.t.controller.ItemRestController      : Inside Item Microservice
2021-12-24 12:56:40.766  INFO [item-service,4777fb26591e61ea,78c62d52f4669c1a] 24136 --- [http-nio-8762-exec-6] c.c.training.service.ItemServiceImpl     : Inside Item microservice - Service Implementation
2021-12-24 12:59:24.175  INFO [item-service,,] 24136 --- [AsyncResolver-bootstrap-executor-0] c.n.d.s.r.aws.ConfigClusterResolver      : Resolving eureka endpoints via configuration
2021-12-24 13:04:24.180  INFO [item-service,,] 24136 --- [AsyncResolver-bootstrap-executor-0] c.n.d.s.r.aws.ConfigClusterResolver      : Resolving eureka endpoints via configuration
2021-12-24 13:09:24.189  INFO [item-service,,] 24136 --- [AsyncResolver-bootstrap-executor-0] c.n.d.s.r.aws.ConfigClusterResolver      : Resolving eureka endpoints via configuration
2021-12-24 13:10:12.929  INFO [item-service,,] 24136 --- [RMI TCP Connection(40)-127.0.0.1] inMXBeanRegistrar$SpringApplicationAdmin : Application shutdown requested.
2021-12-24 13:10:12.930  INFO [item-service,,] 24136 --- [RMI TCP Connection(40)-127.0.0.1] o.s.c.n.e.s.EurekaServiceRegistry        : Unregistering application ITEM-SERVICE with eureka with status DOWN
2021-12-24 13:10:12.930  INFO [item-service,,] 24136 --- [RMI TCP Connection(40)-127.0.0.1] com.netflix.discovery.DiscoveryClient    : Saw local status change event StatusChangeEvent [timestamp=1640331612930, current=DOWN, previous=UP]
2021-12-24 13:10:12.931  INFO [item-service,,] 24136 --- [DiscoveryClient-InstanceInfoReplicator-0] com.netflix.discovery.DiscoveryClient    : DiscoveryClient_ITEM-SERVICE/LAP-TZD-0X92142.IN.COFORGETECH.COM:item-service:8762: registering service...
2021-12-24 13:10:12.938  INFO [item-service,,] 24136 --- [DiscoveryClient-InstanceInfoReplicator-0] com.netflix.discovery.DiscoveryClient    : DiscoveryClient_ITEM-SERVICE/LAP-TZD-0X92142.IN.COFORGETECH.COM:item-service:8762 - registration status: 204
2021-12-24 13:10:12.949  INFO [item-service,,] 24136 --- [Thread-2] o.s.c.s.a.z.ZipkinAutoConfiguration      : Flushing remaining spans on shutdown
2021-12-24 13:10:12.952  INFO [item-service,,] 24136 --- [RMI TCP Connection(40)-127.0.0.1] j.LocalContainerEntityManagerFactoryBean : Closing JPA EntityManagerFactory for persistence unit 'default'
2021-12-24 13:10:12.953  INFO [item-service,,] 24136 --- [RMI TCP Connection(40)-127.0.0.1] .SchemaDropperImpl$DelayedDropActionImpl : HHH000477: Starting delayed evictData of schema as part of SessionFactory shut-down'
2021-12-24 13:10:12.957  INFO [item-service,,] 24136 --- [RMI TCP Connection(40)-127.0.0.1] com.zaxxer.hikari.HikariDataSource       : HikariPool-1 - Shutdown initiated...
2021-12-24 13:10:12.958  INFO [item-service,,] 24136 --- [RMI TCP Connection(40)-127.0.0.1] com.zaxxer.hikari.HikariDataSource       : HikariPool-1 - Shutdown completed.
2021-12-24 13:10:13.504  INFO [item-service,,] 24136 --- [RMI TCP Connection(40)-127.0.0.1] com.netflix.discovery.DiscoveryClient    : Shutting down DiscoveryClient ...
2021-12-24 13:10:16.512  INFO [item-service,,] 24136 --- [RMI TCP Connection(40)-127.0.0.1] com.netflix.discovery.DiscoveryClient    : Unregistering ...
2021-12-24 13:10:16.516  INFO [item-service,,] 24136 --- [RMI TCP Connection(40)-127.0.0.1] com.netflix.discovery.DiscoveryClient    : DiscoveryClient_ITEM-SERVICE/LAP-TZD-0X92142.IN.COFORGETECH.COM:item-service:8762 - deregister  status: 200
2021-12-24 13:10:16.585  INFO [item-service,,] 24136 --- [RMI TCP Connection(40)-127.0.0.1] com.netflix.discovery.DiscoveryClient    : Completed shut down of DiscoveryClient
